26-Jun-2024 12:15:50.827 정보 [main] org.apache.catalina.startup.VersionLoggerListener.log 서버 버전 이름:    Apache Tomcat/10.1.25
26-Jun-2024 12:15:50.860 정보 [main] org.apache.catalina.startup.VersionLoggerListener.log Server 빌드 시각:  Jun 14 2024 19:31:59 UTC
26-Jun-2024 12:15:50.863 정보 [main] org.apache.catalina.startup.VersionLoggerListener.log Server 버전 번호:  10.1.25.0
26-Jun-2024 12:15:50.864 정보 [main] org.apache.catalina.startup.VersionLoggerListener.log 운영체제 이름:     Windows 10
26-Jun-2024 12:15:50.865 정보 [main] org.apache.catalina.startup.VersionLoggerListener.log 운영체제 버전:     10.0
26-Jun-2024 12:15:50.865 정보 [main] org.apache.catalina.startup.VersionLoggerListener.log 아키텍처:          amd64
26-Jun-2024 12:15:50.865 정보 [main] org.apache.catalina.startup.VersionLoggerListener.log 자바 홈:           C:\Program Files\Microsoft\jdk-17.0.11.9-hotspot
26-Jun-2024 12:15:50.865 정보 [main] org.apache.catalina.startup.VersionLoggerListener.log JVM 버전:          17.0.11+9-LTS
26-Jun-2024 12:15:50.866 정보 [main] org.apache.catalina.startup.VersionLoggerListener.log JVM 벤더:          Microsoft
26-Jun-2024 12:15:50.866 정보 [main] org.apache.catalina.startup.VersionLoggerListener.log CATALINA_BASE:     D:\dev\apache-tomcat-10.1.25-windows-x64\apache-tomcat-10.1.25
26-Jun-2024 12:15:50.871 정보 [main] org.apache.catalina.startup.VersionLoggerListener.log CATALINA_HOME:     D:\dev\apache-tomcat-10.1.25-windows-x64\apache-tomcat-10.1.25
26-Jun-2024 12:15:50.872 정보 [main] org.apache.catalina.startup.VersionLoggerListener.log 명령 행 아규먼트:  -Djava.util.logging.config.file=D:\dev\apache-tomcat-10.1.25-windows-x64\apache-tomcat-10.1.25\conf\logging.properties
26-Jun-2024 12:15:50.873 정보 [main] org.apache.catalina.startup.VersionLoggerListener.log 명령 행 아규먼트:  -Djava.util.logging.manager=org.apache.juli.ClassLoaderLogManager
26-Jun-2024 12:15:50.873 정보 [main] org.apache.catalina.startup.VersionLoggerListener.log 명령 행 아규먼트:  -Djdk.tls.ephemeralDHKeySize=2048
26-Jun-2024 12:15:50.874 정보 [main] org.apache.catalina.startup.VersionLoggerListener.log 명령 행 아규먼트:  -Djava.protocol.handler.pkgs=org.apache.catalina.webresources
26-Jun-2024 12:15:50.875 정보 [main] org.apache.catalina.startup.VersionLoggerListener.log 명령 행 아규먼트:  --add-opens=java.base/java.lang=ALL-UNNAMED
26-Jun-2024 12:15:50.875 정보 [main] org.apache.catalina.startup.VersionLoggerListener.log 명령 행 아규먼트:  --add-opens=java.base/java.io=ALL-UNNAMED
26-Jun-2024 12:15:50.876 정보 [main] org.apache.catalina.startup.VersionLoggerListener.log 명령 행 아규먼트:  --add-opens=java.base/java.util=ALL-UNNAMED
26-Jun-2024 12:15:50.876 정보 [main] org.apache.catalina.startup.VersionLoggerListener.log 명령 행 아규먼트:  --add-opens=java.base/java.util.concurrent=ALL-UNNAMED
26-Jun-2024 12:15:50.877 정보 [main] org.apache.catalina.startup.VersionLoggerListener.log 명령 행 아규먼트:  --add-opens=java.rmi/sun.rmi.transport=ALL-UNNAMED
26-Jun-2024 12:15:50.877 정보 [main] org.apache.catalina.startup.VersionLoggerListener.log 명령 행 아규먼트:  -Dcatalina.base=D:\dev\apache-tomcat-10.1.25-windows-x64\apache-tomcat-10.1.25
26-Jun-2024 12:15:50.878 정보 [main] org.apache.catalina.startup.VersionLoggerListener.log 명령 행 아규먼트:  -Dcatalina.home=D:\dev\apache-tomcat-10.1.25-windows-x64\apache-tomcat-10.1.25
26-Jun-2024 12:15:50.879 정보 [main] org.apache.catalina.startup.VersionLoggerListener.log 명령 행 아규먼트:  -Djava.io.tmpdir=D:\dev\apache-tomcat-10.1.25-windows-x64\apache-tomcat-10.1.25\temp
26-Jun-2024 12:15:50.908 정보 [main] org.apache.catalina.core.AprLifecycleListener.lifecycleEvent APR 버전 [1.7.4]을(를) 사용한, APR 기반 Apache Tomcat Native 라이브러리 [2.0.7]을(를) 로드했습니다.
26-Jun-2024 12:15:50.917 정보 [main] org.apache.catalina.core.AprLifecycleListener.initializeSSL OpenSSL이 성공적으로 초기화되었습니다: [OpenSSL 3.0.13 30 Jan 2024]
26-Jun-2024 12:15:51.206 정보 [main] org.apache.coyote.AbstractProtocol.init 프로토콜 핸들러 ["http-nio-8080"]을(를) 초기화합니다.
26-Jun-2024 12:15:51.245 정보 [main] org.apache.catalina.startup.Catalina.load [769] 밀리초 내에 서버가 초기화되었습니다.
26-Jun-2024 12:15:51.338 정보 [main] org.apache.catalina.core.StandardService.startInternal 서비스 [Catalina]을(를) 시작합니다.
26-Jun-2024 12:15:51.352 정보 [main] org.apache.catalina.core.StandardEngine.startInternal 서버 엔진을 시작합니다: [Apache Tomcat/10.1.25]
26-Jun-2024 12:15:51.398 정보 [main] org.apache.catalina.startup.HostConfig.deployWAR 웹 애플리케이션 아카이브 [D:\dev\apache-tomcat-10.1.25-windows-x64\apache-tomcat-10.1.25\webapps\08_MyBbsMyBatis.war]을(를) 배치합니다.
26-Jun-2024 12:15:55.894 정보 [main] org.apache.jasper.servlet.TldScanner.scanJars 적어도 하나의 JAR가 TLD들을 찾기 위해 스캔되었으나 아무 것도 찾지 못했습니다. 스캔했으나 TLD가 없는 JAR들의 전체 목록을 보시려면, 로그 레벨을 디버그 레벨로 설정하십시오. 스캔 과정에서 불필요한 JAR들을 건너뛰면, 시스템 시작 시간과 JSP 컴파일 시간을 단축시킬 수 있습니다.
26-Jun-2024 12:16:01.817 정보 [main] org.apache.catalina.startup.HostConfig.deployWAR 웹 애플리케이션 아카이브 [D:\dev\apache-tomcat-10.1.25-windows-x64\apache-tomcat-10.1.25\webapps\08_MyBbsMyBatis.war]의 배치가 [10,414] 밀리초에 완료되었습니다.
26-Jun-2024 12:16:01.820 정보 [main] org.apache.catalina.startup.HostConfig.deployDirectory 웹 애플리케이션 디렉토리 [D:\dev\apache-tomcat-10.1.25-windows-x64\apache-tomcat-10.1.25\webapps\docs]을(를) 배치합니다.
26-Jun-2024 12:16:01.865 정보 [main] org.apache.catalina.startup.HostConfig.deployDirectory 웹 애플리케이션 디렉토리 [D:\dev\apache-tomcat-10.1.25-windows-x64\apache-tomcat-10.1.25\webapps\docs]에 대한 배치가 [45] 밀리초에 완료되었습니다.
26-Jun-2024 12:16:01.868 정보 [main] org.apache.catalina.startup.HostConfig.deployDirectory 웹 애플리케이션 디렉토리 [D:\dev\apache-tomcat-10.1.25-windows-x64\apache-tomcat-10.1.25\webapps\examples]을(를) 배치합니다.
26-Jun-2024 12:16:02.687 정보 [main] org.apache.catalina.startup.HostConfig.deployDirectory 웹 애플리케이션 디렉토리 [D:\dev\apache-tomcat-10.1.25-windows-x64\apache-tomcat-10.1.25\webapps\examples]에 대한 배치가 [819] 밀리초에 완료되었습니다.
26-Jun-2024 12:16:02.690 정보 [main] org.apache.catalina.startup.HostConfig.deployDirectory 웹 애플리케이션 디렉토리 [D:\dev\apache-tomcat-10.1.25-windows-x64\apache-tomcat-10.1.25\webapps\host-manager]을(를) 배치합니다.
26-Jun-2024 12:16:02.739 정보 [main] org.apache.catalina.startup.HostConfig.deployDirectory 웹 애플리케이션 디렉토리 [D:\dev\apache-tomcat-10.1.25-windows-x64\apache-tomcat-10.1.25\webapps\host-manager]에 대한 배치가 [48] 밀리초에 완료되었습니다.
26-Jun-2024 12:16:02.741 정보 [main] org.apache.catalina.startup.HostConfig.deployDirectory 웹 애플리케이션 디렉토리 [D:\dev\apache-tomcat-10.1.25-windows-x64\apache-tomcat-10.1.25\webapps\manager]을(를) 배치합니다.
26-Jun-2024 12:16:02.790 정보 [main] org.apache.catalina.startup.HostConfig.deployDirectory 웹 애플리케이션 디렉토리 [D:\dev\apache-tomcat-10.1.25-windows-x64\apache-tomcat-10.1.25\webapps\manager]에 대한 배치가 [50] 밀리초에 완료되었습니다.
26-Jun-2024 12:16:02.792 정보 [main] org.apache.catalina.startup.HostConfig.deployDirectory 웹 애플리케이션 디렉토리 [D:\dev\apache-tomcat-10.1.25-windows-x64\apache-tomcat-10.1.25\webapps\ROOT]을(를) 배치합니다.
26-Jun-2024 12:16:02.825 정보 [main] org.apache.catalina.startup.HostConfig.deployDirectory 웹 애플리케이션 디렉토리 [D:\dev\apache-tomcat-10.1.25-windows-x64\apache-tomcat-10.1.25\webapps\ROOT]에 대한 배치가 [33] 밀리초에 완료되었습니다.
26-Jun-2024 12:16:02.837 정보 [main] org.apache.coyote.AbstractProtocol.start 프로토콜 핸들러 ["http-nio-8080"]을(를) 시작합니다.
26-Jun-2024 12:16:02.893 정보 [main] org.apache.catalina.startup.Catalina.start 서버가 [11635] 밀리초 내에 시작되었습니다.
26-Jun-2024 12:16:13.380 정보 [Thread-2] org.apache.coyote.AbstractProtocol.pause 프로토콜 핸들러 ["http-nio-8080"]을(를) 일시 정지 중
26-Jun-2024 12:16:13.587 정보 [Thread-2] org.apache.catalina.core.StandardService.stopInternal 서비스 [Catalina]을(를) 중지시킵니다.
26-Jun-2024 12:16:13.644 경고 [Thread-2] org.apache.catalina.loader.WebappClassLoaderBase.clearReferencesThreads 웹 애플리케이션 [08_MyBbsMyBatis]이(가) [mysql-cj-abandoned-connection-cleanup](이)라는 이름의 쓰레드를 시작시킨 것으로 보이지만, 해당 쓰레드를 중지시키지 못했습니다. 이는 메모리 누수를 유발할 가능성이 큽니다. 해당 쓰레드의 스택 트레이스:
 java.base@17.0.11/java.lang.Object.wait(Native Method)
 java.base@17.0.11/java.lang.ref.ReferenceQueue.remove(ReferenceQueue.java:155)
 com.mysql.cj.jdbc.AbandonedConnectionCleanupThread.run(AbandonedConnectionCleanupThread.java:93)
 java.base@17.0.11/java.util.concurrent.ThreadPoolExecutor.runWorker(ThreadPoolExecutor.java:1136)
 java.base@17.0.11/java.util.concurrent.ThreadPoolExecutor$Worker.run(ThreadPoolExecutor.java:635)
 java.base@17.0.11/java.lang.Thread.run(Thread.java:840)
26-Jun-2024 12:16:13.653 정보 [Thread-2] org.apache.coyote.AbstractProtocol.stop 프로토콜 핸들러 ["http-nio-8080"]을(를) 중지시킵니다.
26-Jun-2024 12:16:13.671 정보 [Thread-2] org.apache.coyote.AbstractProtocol.destroy 프로토콜 핸들러 ["http-nio-8080"]을(를) 소멸시킵니다.
